0 info it worked if it ends with ok
1 verbose cli [ 'C:\\atom\\resources\\app\\apm\\node_modules\\atom-package-manager\\bin\\\\node.exe',
1 verbose cli   'C:\\atom\\resources\\app\\apm\\node_modules\\atom-package-manager\\node_modules\\npm\\bin\\npm-cli.js',
1 verbose cli   'version',
1 verbose cli   '1.0.0',
1 verbose cli   '-m',
1 verbose cli   'Prepare %s release' ]
2 info using npm@1.4.4
3 info using node@v0.10.26
4 verbose node symlink C:\atom\resources\app\apm\node_modules\atom-package-manager\bin\\node.exe
5 error Error: Git working directory not clean.
5 error M package.json
5 error     at C:\atom\resources\app\apm\node_modules\atom-package-manager\node_modules\npm\lib\version.js:98:35
5 error     at ChildProcess.exithandler (child_process.js:635:7)
5 error     at ChildProcess.EventEmitter.emit (events.js:98:17)
5 error     at maybeClose (child_process.js:743:16)
5 error     at Socket.<anonymous> (child_process.js:956:11)
5 error     at Socket.EventEmitter.emit (events.js:95:17)
5 error     at Pipe.close (net.js:465:12)
6 error If you need help, you may report this *entire* log,
6 error including the npm and node versions, at:
6 error     <http://github.com/npm/npm/issues>
7 error System Windows_NT 6.1.7601
8 error command "C:\\atom\\resources\\app\\apm\\node_modules\\atom-package-manager\\bin\\\\node.exe" "C:\\atom\\resources\\app\\apm\\node_modules\\atom-package-manager\\node_modules\\npm\\bin\\npm-cli.js" "version" "1.0.0" "-m" "Prepare %s release"
9 error cwd C:\Users\Giampiero\.atom\packages\gpd.atom
10 error node -v v0.10.26
11 error npm -v 1.4.4
12 verbose exit [ 1, true ]
